<?xml version="1.0" encoding="UTF-8"?>
<testsuite name="junit.practice.StudyTest" tests="1" skipped="0" failures="0" errors="0" timestamp="2021-11-28T10:23:55" hostname="gim-yungiui-MacBookPro.local" time="0.015">
  <properties/>
  <testcase name="createNewStudy()" classname="junit.practice.StudyTest" time="0.015"/>
  <system-out><![CDATA[before all
before each
after Each
after all
]]></system-out>
  <system-err><![CDATA[]]></system-err>
</testsuite>
